  C24BitBMPpixel.cpp
  cBasicTextureManager.cpp
  CTextureFromBMP.cpp
  cFlyCamera.cpp
  cLightHelper.cpp
  cLightManager.cpp
  cMeshObject.cpp
  cShader.cpp
  cShaderManager.cpp
  cVAOManager.cpp
C:\Users\PC\Desktop\Semester 4\CodeCopy\FInal\INFO3111S23\Prajjwal_FinalProject\OpenGLIsDahBest\cVAOManager\cVAOManager.cpp(37,8): warning C4101: 'maxExtent': unreferenced local variable
C:\Users\PC\Desktop\Semester 4\CodeCopy\FInal\INFO3111S23\Prajjwal_FinalProject\OpenGLIsDahBest\cVAOManager\cVAOManager.cpp(33,12): warning C4101: 'maxValues': unreferenced local variable
C:\Users\PC\Desktop\Semester 4\CodeCopy\FInal\INFO3111S23\Prajjwal_FinalProject\OpenGLIsDahBest\cVAOManager\cVAOManager.cpp(34,12): warning C4101: 'minValues': unreferenced local variable
  DrawObject.cpp
  IOHandlers.cpp
  loadModels.cpp
  theMain.cpp
  Generating Code...
  glad.c
glfw3.lib(window.obj) : warning LNK4099: PDB '' was not found with 'glfw3.lib(window.obj)' or at ''; linking object as if no debug info
glfw3.lib(input.obj) : warning LNK4099: PDB '' was not found with 'glfw3.lib(input.obj)' or at ''; linking object as if no debug info
glfw3.lib(init.obj) : warning LNK4099: PDB '' was not found with 'glfw3.lib(init.obj)' or at ''; linking object as if no debug info
glfw3.lib(context.obj) : warning LNK4099: PDB '' was not found with 'glfw3.lib(context.obj)' or at ''; linking object as if no debug info
glfw3.lib(win32_window.obj) : warning LNK4099: PDB '' was not found with 'glfw3.lib(win32_window.obj)' or at ''; linking object as if no debug info
glfw3.lib(win32_thread.obj) : warning LNK4099: PDB '' was not found with 'glfw3.lib(win32_thread.obj)' or at ''; linking object as if no debug info
glfw3.lib(win32_joystick.obj) : warning LNK4099: PDB '' was not found with 'glfw3.lib(win32_joystick.obj)' or at ''; linking object as if no debug info
glfw3.lib(win32_time.obj) : warning LNK4099: PDB '' was not found with 'glfw3.lib(win32_time.obj)' or at ''; linking object as if no debug info
glfw3.lib(win32_init.obj) : warning LNK4099: PDB '' was not found with 'glfw3.lib(win32_init.obj)' or at ''; linking object as if no debug info
glfw3.lib(win32_monitor.obj) : warning LNK4099: PDB '' was not found with 'glfw3.lib(win32_monitor.obj)' or at ''; linking object as if no debug info
glfw3.lib(monitor.obj) : warning LNK4099: PDB '' was not found with 'glfw3.lib(monitor.obj)' or at ''; linking object as if no debug info
glfw3.lib(vulkan.obj) : warning LNK4099: PDB '' was not found with 'glfw3.lib(vulkan.obj)' or at ''; linking object as if no debug info
glfw3.lib(wgl_context.obj) : warning LNK4099: PDB '' was not found with 'glfw3.lib(wgl_context.obj)' or at ''; linking object as if no debug info
glfw3.lib(egl_context.obj) : warning LNK4099: PDB '' was not found with 'glfw3.lib(egl_context.obj)' or at ''; linking object as if no debug info
glfw3.lib(osmesa_context.obj) : warning LNK4099: PDB '' was not found with 'glfw3.lib(osmesa_context.obj)' or at ''; linking object as if no debug info
  OpenGLIsDahBest.vcxproj -> C:\Users\PC\Desktop\Semester 4\CodeCopy\FInal\INFO3111S23\Prajjwal_FinalProject\x64\Debug\OpenGLIsDahBest.exe
