c:\users\pc\desktop\semester 4\codecopy\final\info3111s23\prajjwal_finalproject\openglisdahbest\x64\release\vc143.pdb
c:\users\pc\desktop\semester 4\codecopy\final\info3111s23\prajjwal_finalproject\openglisdahbest\x64\release\themain.obj
c:\users\pc\desktop\semester 4\codecopy\final\info3111s23\prajjwal_finalproject\openglisdahbest\x64\release\loadmodels.obj
c:\users\pc\desktop\semester 4\codecopy\final\info3111s23\prajjwal_finalproject\openglisdahbest\x64\release\iohandlers.obj
c:\users\pc\desktop\semester 4\codecopy\final\info3111s23\prajjwal_finalproject\openglisdahbest\x64\release\drawobject.obj
c:\users\pc\desktop\semester 4\codecopy\final\info3111s23\prajjwal_finalproject\openglisdahbest\x64\release\cvaomanager.obj
c:\users\pc\desktop\semester 4\codecopy\final\info3111s23\prajjwal_finalproject\openglisdahbest\x64\release\cshadermanager.obj
c:\users\pc\desktop\semester 4\codecopy\final\info3111s23\prajjwal_finalproject\openglisdahbest\x64\release\cshader.obj
c:\users\pc\desktop\semester 4\codecopy\final\info3111s23\prajjwal_finalproject\openglisdahbest\x64\release\cmeshobject.obj
c:\users\pc\desktop\semester 4\codecopy\final\info3111s23\prajjwal_finalproject\openglisdahbest\x64\release\clightmanager.obj
c:\users\pc\desktop\semester 4\codecopy\final\info3111s23\prajjwal_finalproject\openglisdahbest\x64\release\clighthelper.obj
c:\users\pc\desktop\semester 4\codecopy\final\info3111s23\prajjwal_finalproject\openglisdahbest\x64\release\cflycamera.obj
c:\users\pc\desktop\semester 4\codecopy\final\info3111s23\prajjwal_finalproject\openglisdahbest\x64\release\ctexturefrombmp.obj
c:\users\pc\desktop\semester 4\codecopy\final\info3111s23\prajjwal_finalproject\openglisdahbest\x64\release\cbasictexturemanager.obj
c:\users\pc\desktop\semester 4\codecopy\final\info3111s23\prajjwal_finalproject\openglisdahbest\x64\release\c24bitbmppixel.obj
c:\users\pc\desktop\semester 4\codecopy\final\info3111s23\prajjwal_finalproject\openglisdahbest\x64\release\glad.obj
c:\users\pc\desktop\semester 4\codecopy\final\info3111s23\prajjwal_finalproject\x64\release\openglisdahbest.exe
c:\users\pc\desktop\semester 4\codecopy\final\info3111s23\prajjwal_finalproject\openglisdahbest\x64\release\openglisdahbest.ipdb
c:\users\pc\desktop\semester 4\codecopy\final\info3111s23\prajjwal_finalproject\x64\release\openglisdahbest.pdb
c:\users\pc\desktop\semester 4\codecopy\final\info3111s23\prajjwal_finalproject\openglisdahbest\x64\release\openglisdahbest.iobj
c:\users\pc\desktop\semester 4\codecopy\final\info3111s23\prajjwal_finalproject\openglisdahbest\x64\release\openglisdahbest.tlog\cl.command.1.tlog
c:\users\pc\desktop\semester 4\codecopy\final\info3111s23\prajjwal_finalproject\openglisdahbest\x64\release\openglisdahbest.tlog\cl.items.tlog
c:\users\pc\desktop\semester 4\codecopy\final\info3111s23\prajjwal_finalproject\openglisdahbest\x64\release\openglisdahbest.tlog\cl.read.1.tlog
c:\users\pc\desktop\semester 4\codecopy\final\info3111s23\prajjwal_finalproject\openglisdahbest\x64\release\openglisdahbest.tlog\cl.write.1.tlog
c:\users\pc\desktop\semester 4\codecopy\final\info3111s23\prajjwal_finalproject\openglisdahbest\x64\release\openglisdahbest.tlog\link.command.1.tlog
c:\users\pc\desktop\semester 4\codecopy\final\info3111s23\prajjwal_finalproject\openglisdahbest\x64\release\openglisdahbest.tlog\link.read.1.tlog
c:\users\pc\desktop\semester 4\codecopy\final\info3111s23\prajjwal_finalproject\openglisdahbest\x64\release\openglisdahbest.tlog\link.write.1.tlog
